0 verbose cli /data/data/com.termux/files/usr/bin/node /data/data/com.termux/files/usr/bin/npm
1 info using npm@10.9.2
2 info using node@v23.6.1
3 silly config load:file:/data/data/com.termux/files/usr/lib/node_modules/npm/npmrc
4 silly config load:file:/data/data/com.termux/files/home/Digital_Market/.npmrc
5 silly config load:file:/data/data/com.termux/files/home/.npmrc
6 silly config load:file:/data/data/com.termux/files/usr/etc/npmrc
7 verbose title npm install
8 verbose argv "install"
9 verbose logfile logs-max:10 dir:/data/data/com.termux/files/home/.npm/_logs/2025-02-16T11_10_40_095Z-
10 verbose logfile /data/data/com.termux/files/home/.npm/_logs/2025-02-16T11_10_40_095Z-debug-0.log
11 silly logfile done cleaning log files
12 silly packumentCache heap:1098907648 maxSize:274726912 maxEntrySize:137363456
13 silly idealTree buildDeps
14 silly reify moves {}
15 silly audit report null
16 verbose cwd /data/data/com.termux/files/home/Digital_Market
17 verbose os Linux 5.15.149-android13-8-o-g0c825e5539f2
18 verbose node v23.6.1
19 verbose npm  v10.9.2
20 verbose exit 0
21 info ok
