0 verbose cli /data/data/com.termux/files/usr/bin/node /data/data/com.termux/files/usr/bin/npm
1 info using npm@10.9.2
2 info using node@v23.6.1
3 silly config load:file:/data/data/com.termux/files/usr/lib/node_modules/npm/npmrc
4 silly config load:file:/data/data/com.termux/files/home/.npmrc
5 silly config load:file:/data/data/com.termux/files/usr/etc/npmrc
6 verbose title npm install
7 verbose argv "install"
8 verbose logfile logs-max:10 dir:/data/data/com.termux/files/home/.npm/_logs/2025-02-17T10_23_47_449Z-
9 verbose logfile /data/data/com.termux/files/home/.npm/_logs/2025-02-17T10_23_47_449Z-debug-0.log
10 silly logfile start cleaning logs, removing 1 files
11 silly packumentCache heap:1098907648 maxSize:274726912 maxEntrySize:137363456
12 silly logfile done cleaning log files
13 verbose stack JSONParseError: Unexpected non-whitespace character after JSON at position 2001 (line 64 column 1) while parsing near "...eployment#readme\"\n}\n{\n  \"dependencies\": ..."
13 verbose stack     at /data/data/com.termux/files/usr/lib/node_modules/npm/node_modules/read-package-json-fast/lib/index.js:7:61
13 verbose stack     at async #initTree (/data/data/com.termux/files/usr/lib/node_modules/npm/node_modules/@npmcli/arborist/lib/arborist/build-ideal-tree.js:268:21)
13 verbose stack     at async Arborist.buildIdealTree (/data/data/com.termux/files/usr/lib/node_modules/npm/node_modules/@npmcli/arborist/lib/arborist/build-ideal-tree.js:178:7)
13 verbose stack     at async Promise.all (index 1)
13 verbose stack     at async Arborist.reify (/data/data/com.termux/files/usr/lib/node_modules/npm/node_modules/@npmcli/arborist/lib/arborist/reify.js:131:5)
13 verbose stack     at async Install.exec (/data/data/com.termux/files/usr/lib/node_modules/npm/lib/commands/install.js:162:5)
13 verbose stack     at async Npm.exec (/data/data/com.termux/files/usr/lib/node_modules/npm/lib/npm.js:207:9)
13 verbose stack     at async module.exports (/data/data/com.termux/files/usr/lib/node_modules/npm/lib/cli/entry.js:67:5)
14 error code EJSONPARSE
15 error path /data/data/com.termux/files/home/package.json
16 error JSON.parse Unexpected non-whitespace character after JSON at position 2001 (line 64 column 1) while parsing near "...eployment#readme\"\n}\n{\n  \"dependencies\": ..."
17 error JSON.parse Failed to parse JSON data.
17 error JSON.parse Note: package.json must be actual JSON, not just JavaScript.
18 silly unfinished npm timer reify 1739787828450
19 silly unfinished npm timer reify:loadTrees 1739787828455
20 silly unfinished npm timer idealTree:init 1739787828458
21 verbose cwd /data/data/com.termux/files/home
22 verbose os Linux 5.15.149-android13-8-o-g0c825e5539f2
23 verbose node v23.6.1
24 verbose npm  v10.9.2
25 verbose exit 1
26 verbose code 1
27 error A complete log of this run can be found in: /data/data/com.termux/files/home/.npm/_logs/2025-02-17T10_23_47_449Z-debug-0.log
