0 verbose cli /data/data/com.termux/files/usr/bin/node /data/data/com.termux/files/usr/bin/npm
1 info using npm@10.9.2
2 info using node@v22.13.1
3 silly config load:file:/data/data/com.termux/files/usr/lib/node_modules/npm/npmrc
4 silly config load:file:/data/data/com.termux/files/home/.npmrc
5 silly config load:file:/data/data/com.termux/files/usr/etc/npmrc
6 verbose title npm install express
7 verbose argv "install" "express"
8 verbose logfile logs-max:10 dir:/data/data/com.termux/files/home/.npm/_logs/2025-02-17T10_40_04_085Z-
9 verbose logfile /data/data/com.termux/files/home/.npm/_logs/2025-02-17T10_40_04_085Z-debug-0.log
10 silly logfile start cleaning logs, removing 1 files
11 silly packumentCache heap:1098907648 maxSize:274726912 maxEntrySize:137363456
12 silly logfile done cleaning log files
13 silly idealTree buildDeps
14 silly fetch manifest express@^4.17.1
15 silly packumentCache full:https://registry.npmjs.org/express cache-miss
16 http cache https://registry.npmjs.org/express 207ms (cache hit)
17 silly packumentCache full:https://registry.npmjs.org/express set size:783992 disposed:false
18 silly placeDep ROOT express@4.21.2 REPLACE for: Digital_Market@1.0.0 want: ^4.17.1
19 silly reify moves {}
20 silly audit bulk request {
20 silly audit   '@ampproject/remapping': [ '2.3.0' ],
20 silly audit   '@babel/cli': [ '7.26.4' ],
20 silly audit   '@babel/code-frame': [ '7.26.2' ],
20 silly audit   '@babel/compat-data': [ '7.26.8' ],
20 silly audit   '@babel/core': [ '7.26.9' ],
20 silly audit   '@babel/generator': [ '7.26.9' ],
20 silly audit   '@babel/helper-annotate-as-pure': [ '7.25.9' ],
20 silly audit   '@babel/helper-compilation-targets': [ '7.26.5' ],
20 silly audit   '@babel/helper-create-class-features-plugin': [ '7.26.9' ],
20 silly audit   '@babel/helper-create-regexp-features-plugin': [ '7.26.3' ],
20 silly audit   '@babel/helper-define-polyfill-provider': [ '0.6.3' ],
20 silly audit   '@babel/helper-member-expression-to-functions': [ '7.25.9' ],
20 silly audit   '@babel/helper-module-imports': [ '7.25.9' ],
20 silly audit   '@babel/helper-module-transforms': [ '7.26.0' ],
20 silly audit   '@babel/helper-optimise-call-expression': [ '7.25.9' ],
20 silly audit   '@babel/helper-plugin-utils': [ '7.26.5' ],
20 silly audit   '@babel/helper-remap-async-to-generator': [ '7.25.9' ],
20 silly audit   '@babel/helper-replace-supers': [ '7.26.5' ],
20 silly audit   '@babel/helper-skip-transparent-expression-wrappers': [ '7.25.9' ],
20 silly audit   '@babel/helper-string-parser': [ '7.25.9' ],
20 silly audit   '@babel/helper-validator-identifier': [ '7.25.9' ],
20 silly audit   '@babel/helper-validator-option': [ '7.25.9' ],
20 silly audit   '@babel/helper-wrap-function': [ '7.25.9' ],
20 silly audit   '@babel/helpers': [ '7.26.9' ],
20 silly audit   '@babel/parser': [ '7.26.9' ],
20 silly audit   '@babel/plugin-bugfix-firefox-class-in-computed-class-key': [ '7.25.9' ],
20 silly audit   '@babel/plugin-bugfix-safari-class-field-initializer-scope': [ '7.25.9' ],
20 silly audit   '@babel/plugin-bugfix-safari-id-destructuring-collision-in-function-expression': [ '7.25.9' ],
20 silly audit   '@babel/plugin-bugfix-v8-spread-parameters-in-optional-chaining': [ '7.25.9' ],
20 silly audit   '@babel/plugin-bugfix-v8-static-class-fields-redefine-readonly': [ '7.25.9' ],
20 silly audit   '@babel/plugin-proposal-private-property-in-object': [ '7.21.0-placeholder-for-preset-env.2' ],
20 silly audit   '@babel/plugin-syntax-import-assertions': [ '7.26.0' ],
20 silly audit   '@babel/plugin-syntax-import-attributes': [ '7.26.0' ],
20 silly audit   '@babel/plugin-syntax-unicode-sets-regex': [ '7.18.6' ],
20 silly audit   '@babel/plugin-transform-arrow-functions': [ '7.25.9' ],
20 silly audit   '@babel/plugin-transform-async-generator-functions': [ '7.26.8' ],
20 silly audit   '@babel/plugin-transform-async-to-generator': [ '7.25.9' ],
20 silly audit   '@babel/plugin-transform-block-scoped-functions': [ '7.26.5' ],
20 silly audit   '@babel/plugin-transform-block-scoping': [ '7.25.9' ],
20 silly audit   '@babel/plugin-transform-class-properties': [ '7.25.9' ],
20 silly audit   '@babel/plugin-transform-class-static-block': [ '7.26.0' ],
20 silly audit   '@babel/plugin-transform-classes': [ '7.25.9' ],
20 silly audit   '@babel/plugin-transform-computed-properties': [ '7.25.9' ],
20 silly audit   '@babel/plugin-transform-destructuring': [ '7.25.9' ],
20 silly audit   '@babel/plugin-transform-dotall-regex': [ '7.25.9' ],
20 silly audit   '@babel/plugin-transform-duplicate-keys': [ '7.25.9' ],
20 silly audit   '@babel/plugin-transform-duplicate-named-capturing-groups-regex': [ '7.25.9' ],
20 silly audit   '@babel/plugin-transform-dynamic-import': [ '7.25.9' ],
20 silly audit   '@babel/plugin-transform-exponentiation-operator': [ '7.26.3' ],
20 silly audit   '@babel/plugin-transform-export-namespace-from': [ '7.25.9' ],
20 silly audit   '@babel/plugin-transform-for-of': [ '7.26.9' ],
20 silly audit   '@babel/plugin-transform-function-name': [ '7.25.9' ],
20 silly audit   '@babel/plugin-transform-json-strings': [ '7.25.9' ],
20 silly audit   '@babel/plugin-transform-literals': [ '7.25.9' ],
20 silly audit   '@babel/plugin-transform-logical-assignment-operators': [ '7.25.9' ],
20 silly audit   '@babel/plugin-transform-member-expression-literals': [ '7.25.9' ],
20 silly audit   '@babel/plugin-transform-modules-amd': [ '7.25.9' ],
20 silly audit   '@babel/plugin-transform-modules-commonjs': [ '7.26.3' ],
20 silly audit   '@babel/plugin-transform-modules-systemjs': [ '7.25.9' ],
20 silly audit   '@babel/plugin-transform-modules-umd': [ '7.25.9' ],
20 silly audit   '@babel/plugin-transform-named-capturing-groups-regex': [ '7.25.9' ],
20 silly audit   '@babel/plugin-transform-new-target': [ '7.25.9' ],
20 silly audit   '@babel/plugin-transform-nullish-coalescing-operator': [ '7.26.6' ],
20 silly audit   '@babel/plugin-transform-numeric-separator': [ '7.25.9' ],
20 silly audit   '@babel/plugin-transform-object-rest-spread': [ '7.25.9' ],
20 silly audit   '@babel/plugin-transform-object-super': [ '7.25.9' ],
20 silly audit   '@babel/plugin-transform-optional-catch-binding': [ '7.25.9' ],
20 silly audit   '@babel/plugin-transform-optional-chaining': [ '7.25.9' ],
20 silly audit   '@babel/plugin-transform-parameters': [ '7.25.9' ],
20 silly audit   '@babel/plugin-transform-private-methods': [ '7.25.9' ],
20 silly audit   '@babel/plugin-transform-private-property-in-object': [ '7.25.9' ],
20 silly audit   '@babel/plugin-transform-property-literals': [ '7.25.9' ],
20 silly audit   '@babel/plugin-transform-regenerator': [ '7.25.9' ],
20 silly audit   '@babel/plugin-transform-regexp-modifiers': [ '7.26.0' ],
20 silly audit   '@babel/plugin-transform-reserved-words': [ '7.25.9' ],
20 silly audit   '@babel/plugin-transform-shorthand-properties': [ '7.25.9' ],
20 silly audit   '@babel/plugin-transform-spread': [ '7.25.9' ],
20 silly audit   '@babel/plugin-transform-sticky-regex': [ '7.25.9' ],
20 silly audit   '@babel/plugin-transform-template-literals': [ '7.26.8' ],
20 silly audit   '@babel/plugin-transform-typeof-symbol': [ '7.26.7' ],
20 silly audit   '@babel/plugin-transform-unicode-escapes': [ '7.25.9' ],
20 silly audit   '@babel/plugin-transform-unicode-property-regex': [ '7.25.9' ],
20 silly audit   '@babel/plugin-transform-unicode-regex': [ '7.25.9' ],
20 silly audit   '@babel/plugin-transform-unicode-sets-regex': [ '7.25.9' ],
20 silly audit   '@babel/preset-env': [ '7.26.9' ],
20 silly audit   '@babel/preset-modules': [ '0.1.6-no-external-plugins' ],
20 silly audit   '@babel/runtime': [ '7.26.9' ],
20 silly audit   '@babel/template': [ '7.26.9' ],
20 silly audit   '@babel/traverse': [ '7.26.9' ],
20 silly audit   '@babel/types': [ '7.26.9' ],
20 silly audit   '@jridgewell/gen-mapping': [ '0.3.8' ],
20 silly audit   '@jridgewell/resolve-uri': [ '3.1.2' ],
20 silly audit   '@jridgewell/set-array': [ '1.2.1' ],
20 silly audit   '@jridgewell/sourcemap-codec': [ '1.5.0' ],
20 silly audit   '@jridgewell/trace-mapping': [ '0.3.25' ],
20 silly audit   '@nicolo-ribaudo/chokidar-2': [ '2.1.8-no-fsevents.3' ],
20 silly audit   accepts: [ '1.3.8' ],
20 silly audit   'ansi-escapes': [ '3.2.0', '4.3.2' ],
20 silly audit   'ansi-regex': [ '4.1.1', '3.0.1' ],
20 silly audit   'ansi-styles': [ '3.2.1', '4.3.0' ],
20 silly audit   anymatch: [ '3.1.3' ],
20 silly audit   'array-flatten': [ '1.1.1' ],
20 silly audit   axios: [ '0.21.4' ],
20 silly audit   'babel-plugin-polyfill-corejs2': [ '0.4.12' ],
20 silly audit   'babel-plugin-polyfill-corejs3': [ '0.11.1' ],
20 silly audit   'babel-plugin-polyfill-regenerator': [ '0.6.3' ],
20 silly audit   'balanced-match': [ '1.0.2' ],
20 silly audit   'binary-extensions': [ '2.3.0' ],
20 silly audit   'body-parser': [ '1.20.3' ],
20 silly audit   debug: [ '2.6.9', '4.4.0' ],
20 silly audit   ms: [ '2.0.0', '2.1.3' ],
20 silly audit   'brace-expansion': [ '1.1.11' ],
20 silly audit   braces: [ '3.0.3' ],
20 silly audit   browserslist: [ '4.24.4' ],
20 silly audit   bytes: [ '3.1.2' ],
20 silly audit   'call-bind-apply-helpers': [ '1.0.2' ],
20 silly audit   'call-bound': [ '1.0.3' ],
20 silly audit   'caniuse-lite': [ '1.0.30001700' ],
20 silly audit   chalk: [ '2.4.2', '4.1.2' ],
20 silly audit   chardet: [ '0.7.0' ],
20 silly audit   chokidar: [ '3.6.0' ],
20 silly audit   'cli-cursor': [ '2.1.0' ],
20 silly audit   'cli-width': [ '2.2.1' ],
20 silly audit   'color-convert': [ '1.9.3', '2.0.1' ],
20 silly audit   'color-name': [ '1.1.3', '1.1.4' ],
20 silly audit   colors: [ '1.4.0' ],
20 silly audit   commander: [ '6.2.1' ],
20 silly audit   'concat-map': [ '0.0.1' ],
20 silly audit   'content-disposition': [ '0.5.4' ],
20 silly audit   'content-type': [ '1.0.5' ],
20 silly audit   'convert-source-map': [ '2.0.0' ],
20 silly audit   cookie: [ '0.7.1' ],
20 silly audit   'cookie-signature': [ '1.0.6' ],
20 silly audit   'core-js-compat': [ '3.40.0' ],
20 silly audit   depd: [ '2.0.0' ],
20 silly audit   destroy: [ '1.2.0' ],
20 silly audit   'dunder-proto': [ '1.0.1' ],
20 silly audit   'ee-first': [ '1.1.1' ],
20 silly audit   'electron-to-chromium': [ '1.5.101' ],
20 silly audit   encodeurl: [ '2.0.0', '1.0.2' ],
20 silly audit   'es-define-property': [ '1.0.1' ],
20 silly audit   'es-errors': [ '1.3.0' ],
20 silly audit   'es-object-atoms': [ '1.1.1' ],
20 silly audit   escalade: [ '3.2.0' ],
20 silly audit   'escape-html': [ '1.0.3' ],
20 silly audit   'escape-string-regexp': [ '1.0.5' ],
20 silly audit   esutils: [ '2.0.3' ],
20 silly audit   etag: [ '1.8.1' ],
20 silly audit   'external-editor': [ '3.1.0' ],
20 silly audit   figures: [ '2.0.0', '3.2.0' ],
20 silly audit   'fill-range': [ '7.1.1' ],
20 silly audit   finalhandler: [ '1.3.1' ],
20 silly audit   'follow-redirects': [ '1.15.9' ],
20 silly audit   forwarded: [ '0.2.0' ],
20 silly audit   fresh: [ '0.5.2' ],
20 silly audit   'fs-extra': [ '11.3.0' ],
20 silly audit   'fs-readdir-recursive': [ '1.1.0' ],
20 silly audit   'fs.realpath': [ '1.0.0' ],
20 silly audit   fsevents: [ '2.3.3' ],
20 silly audit   'function-bind': [ '1.1.2' ],
20 silly audit   fuzzy: [ '0.1.3' ],
20 silly audit   gensync: [ '1.0.0-beta.2' ],
20 silly audit   'get-intrinsic': [ '1.2.7' ],
20 silly audit   'get-proto': [ '1.0.1' ],
20 silly audit   glob: [ '7.2.3' ],
20 silly audit   'glob-parent': [ '5.1.2' ],
20 silly audit   globals: [ '11.12.0' ],
20 silly audit   gopd: [ '1.2.0' ],
20 silly audit   'graceful-fs': [ '4.2.11' ],
20 silly audit   'has-flag': [ '3.0.0', '4.0.0' ],
20 silly audit   'has-symbols': [ '1.1.0' ],
20 silly audit   hasown: [ '2.0.2' ],
20 silly audit   'http-errors': [ '2.0.0' ],
20 silly audit   'iconv-lite': [ '0.4.24' ],
20 silly audit   inflight: [ '1.0.6' ],
20 silly audit   inherits: [ '2.0.4', '2.0.3' ],
20 silly audit   inquirer: [ '6.5.2' ],
20 silly audit   'inquirer-autocomplete-prompt': [ '1.4.0' ],
20 silly audit   'supports-color': [ '7.2.0', '5.5.0' ],
20 silly audit   'ipaddr.js': [ '1.9.1' ],
20 silly audit   'is-binary-path': [ '2.1.0' ],
20 silly audit   'is-core-module': [ '2.16.1' ],
20 silly audit   'is-extglob': [ '2.1.1' ],
20 silly audit   'is-fullwidth-code-point': [ '2.0.0' ],
20 silly audit   'is-glob': [ '4.0.3' ],
20 silly audit   'is-number': [ '7.0.0' ],
20 silly audit   'js-tokens': [ '4.0.0' ],
20 silly audit   jsesc: [ '3.1.0', '3.0.2' ],
20 silly audit   json5: [ '2.2.3' ],
20 silly audit   jsonfile: [ '6.1.0' ],
20 silly audit   lodash: [ '4.17.21' ],
20 silly audit   'lodash.debounce': [ '4.0.8' ],
20 silly audit   'lru-cache': [ '5.1.1' ],
20 silly audit   'make-dir': [ '2.1.0' ],
20 silly audit   semver: [ '5.7.2', '6.3.1' ],
20 silly audit   'math-intrinsics': [ '1.1.0' ],
20 silly audit   'media-typer': [ '0.3.0' ],
20 silly audit   'merge-descriptors': [ '1.0.3' ],
20 silly audit   methods: [ '1.1.2' ],
20 silly audit   mime: [ '1.6.0' ],
20 silly audit   'mime-db': [ '1.52.0' ],
20 silly audit   'mime-types': [ '2.1.35' ],
20 silly audit   'mimic-fn': [ '1.2.0' ],
20 silly audit   minimatch: [ '3.1.2' ],
20 silly audit   mkdirp: [ '1.0.4' ],
20 silly audit   'mute-stream': [ '0.0.7' ],
20 silly audit   negotiator: [ '0.6.3' ],
20 silly audit   'node-releases': [ '2.0.19' ],
20 silly audit   'normalize-path': [ '3.0.0' ],
20 silly audit   'object-inspect': [ '1.13.4' ],
20 silly audit   'on-finished': [ '2.4.1' ],
20 silly audit   once: [ '1.4.0' ],
20 silly audit   onetime: [ '2.0.1' ],
20 silly audit   'os-tmpdir': [ '1.0.2' ],
20 silly audit   parseurl: [ '1.3.3' ],
20 silly audit   path: [ '0.12.7' ],
20 silly audit   'path-is-absolute': [ '1.0.1' ],
20 silly audit   'path-parse': [ '1.0.7' ],
20 silly audit   'path-to-regexp': [ '0.1.12' ],
20 silly audit   picocolors: [ '1.1.1' ],
20 silly audit   picomatch: [ '2.3.1' ],
20 silly audit   pify: [ '4.0.1' ],
20 silly audit   process: [ '0.11.10' ],
20 silly audit   'proxy-addr': [ '2.0.7' ],
20 silly audit   qs: [ '6.13.0' ],
20 silly audit   'range-parser': [ '1.2.1' ],
20 silly audit   'raw-body': [ '2.5.2' ],
20 silly audit   readdirp: [ '3.6.0' ],
20 silly audit   regenerate: [ '1.4.2' ],
20 silly audit   'regenerate-unicode-properties': [ '10.2.0' ],
20 silly audit   'regenerator-runtime': [ '0.14.1' ],
20 silly audit   'regenerator-transform': [ '0.15.2' ],
20 silly audit   'regexpu-core': [ '6.2.0' ],
20 silly audit   regjsgen: [ '0.8.0' ],
20 silly audit   regjsparser: [ '0.12.0' ],
20 silly audit   resolve: [ '1.22.10' ],
20 silly audit   'restore-cursor': [ '2.0.0' ],
20 silly audit   'run-async': [ '2.4.1' ],
20 silly audit   rxjs: [ '6.6.7' ],
20 silly audit   'safe-buffer': [ '5.2.1' ],
20 silly audit   'safer-buffer': [ '2.1.2' ],
20 silly audit   send: [ '0.19.0' ],
20 silly audit   'serve-static': [ '1.16.2' ],
20 silly audit   setprototypeof: [ '1.2.0' ],
20 silly audit   'side-channel': [ '1.1.0' ],
20 silly audit   'side-channel-list': [ '1.0.0' ],
20 silly audit   'side-channel-map': [ '1.0.1' ],
20 silly audit   'side-channel-weakmap': [ '1.0.2' ],
20 silly audit   'signal-exit': [ '3.0.7' ],
20 silly audit   slash: [ '2.0.0' ],
20 silly audit   statuses: [ '2.0.1' ],
20 silly audit   'string-width': [ '2.1.1' ],
20 silly audit   'strip-ansi': [ '4.0.0', '5.2.0' ],
20 silly audit   'supports-preserve-symlinks-flag': [ '1.0.0' ],
20 silly audit   through: [ '2.3.8' ],
20 silly audit   tmp: [ '0.0.33' ],
20 silly audit   'to-regex-range': [ '5.0.1' ],
20 silly audit   toidentifier: [ '1.0.1' ],
20 silly audit   tslib: [ '1.14.1' ],
20 silly audit   'type-fest': [ '0.21.3' ],
20 silly audit   'type-is': [ '1.6.18' ],
20 silly audit   'unicode-canonical-property-names-ecmascript': [ '2.0.1' ],
20 silly audit   'unicode-match-property-ecmascript': [ '2.0.0' ],
20 silly audit   'unicode-match-property-value-ecmascript': [ '2.2.0' ],
20 silly audit   'unicode-property-aliases-ecmascript': [ '2.1.0' ],
20 silly audit   universalify: [ '2.0.1' ],
20 silly audit   unpipe: [ '1.0.0' ],
20 silly audit   'update-browserslist-db': [ '1.1.2' ],
20 silly audit   util: [ '0.10.4' ],
20 silly audit   'utils-merge': [ '1.0.1' ],
20 silly audit   vary: [ '1.1.2' ],
20 silly audit   wrappy: [ '1.0.2' ],
20 silly audit   yallist: [ '3.1.1' ],
20 silly audit   express: [ '4.21.2' ]
20 silly audit }
21 verbose reify failed optional dependency /data/data/com.termux/files/home/node_modules/fsevents
22 silly reify mark deleted [ '/data/data/com.termux/files/home/node_modules/fsevents' ]
23 http fetch POST 200 https://registry.npmjs.org/-/npm/v1/security/advisories/bulk 1134ms
24 silly audit report {
24 silly audit report   axios: [
24 silly audit report     {
24 silly audit report       id: 1097679,
24 silly audit report       url: 'https://github.com/advisories/GHSA-wf5p-g6vw-rhxx',
24 silly audit report       title: 'Axios Cross-Site Request Forgery Vulnerability',
24 silly audit report       severity: 'moderate',
24 silly audit report       vulnerable_versions: '>=0.8.1 <0.28.0',
24 silly audit report       cwe: [Array],
24 silly audit report       cvss: [Object]
24 silly audit report     }
24 silly audit report   ]
24 silly audit report }
25 silly packumentCache corgi:https://registry.npmjs.org/axios cache-miss
26 http cache https://registry.npmjs.org/axios 48ms (cache hit)
27 silly packumentCache corgi:https://registry.npmjs.org/axios set size:224652 disposed:false
28 silly ADD
29 verbose cwd /data/data/com.termux/files/home
30 verbose os Linux 5.15.149-android13-8-o-g0c825e5539f2
31 verbose node v22.13.1
32 verbose npm  v10.9.2
33 verbose exit 0
34 info ok
