0 verbose cli /data/data/com.termux/files/usr/bin/node /data/data/com.termux/files/usr/bin/npm
1 info using npm@10.9.2
2 info using node@v23.6.1
3 silly config load:file:/data/data/com.termux/files/usr/lib/node_modules/npm/npmrc
4 silly config load:file:/data/data/com.termux/files/home/Digital_Market/.npmrc
5 silly config load:file:/data/data/com.termux/files/home/.npmrc
6 silly config load:file:/data/data/com.termux/files/usr/etc/npmrc
7 verbose title npm init
8 verbose argv "init" "--yes"
9 verbose logfile logs-max:10 dir:/data/data/com.termux/files/home/.npm/_logs/2025-02-16T10_57_56_055Z-
10 verbose logfile /data/data/com.termux/files/home/.npm/_logs/2025-02-16T10_57_56_055Z-debug-0.log
11 silly logfile done cleaning log files
12 silly package data {
12 silly package data   name: 'digital_market',
12 silly package data   version: '1.0.0',
12 silly package data   description: 'My First demo project',
12 silly package data   main: 'index.js',
12 silly package data   scripts: { test: 'echo "Error: no test specified" && exit 1' },
12 silly package data   repository: {
12 silly package data     type: 'git',
12 silly package data     url: 'git+https://github.com/gohilvishal0180/Digital_Market.git'
12 silly package data   },
12 silly package data   keywords: [],
12 silly package data   author: '',
12 silly package data   license: 'ISC',
12 silly package data   bugs: { url: 'https://github.com/gohilvishal0180/Digital_Market/issues' },
12 silly package data   homepage: 'https://github.com/gohilvishal0180/Digital_Market#readme'
12 silly package data }
13 verbose cwd /data/data/com.termux/files/home/Digital_Market
14 verbose os Linux 5.15.149-android13-8-o-g0c825e5539f2
15 verbose node v23.6.1
16 verbose npm  v10.9.2
17 verbose exit 0
18 info ok
